<?xml version="1.0" encoding="UTF-8"?>
<coverage generated="1678953229518" clover="3.2.0">
  <project timestamp="1678953229518" name="All files">
    <metrics statements="64" coveredstatements="59" conditionals="50" coveredconditionals="27" methods="29" coveredmethods="24" elements="143" coveredelements="110" complexity="0" loc="64" ncloc="64" packages="6" files="15" classes="15"/>
    <package name="containers.Common.Wrapper">
      <metrics statements="17" coveredstatements="17" conditionals="28" coveredconditionals="15" methods="15" coveredmethods="15"/>
      <file name="index.jsx" path="C:\Users\ngltr\Desktop\NGL\rdx\src\containers\Common\Wrapper\index.jsx">
        <metrics statements="17" coveredstatements="17" conditionals="28" coveredconditionals="15" methods="15" coveredmethods="15"/>
        <line num="4" count="1" type="stmt"/>
        <line num="12" count="2" type="cond" truecount="1" falsecount="1"/>
        <line num="30" count="2" type="cond" truecount="1" falsecount="1"/>
        <line num="37" count="2" type="cond" truecount="1" falsecount="1"/>
        <line num="48" count="2" type="cond" truecount="1" falsecount="1"/>
        <line num="59" count="2" type="cond" truecount="1" falsecount="1"/>
        <line num="69" count="2" type="cond" truecount="1" falsecount="1"/>
        <line num="82" count="2" type="cond" truecount="1" falsecount="1"/>
        <line num="91" count="2" type="cond" truecount="1" falsecount="1"/>
        <line num="97" count="2" type="cond" truecount="1" falsecount="1"/>
        <line num="103" count="2" type="cond" truecount="1" falsecount="1"/>
        <line num="111" count="2" type="cond" truecount="1" falsecount="1"/>
        <line num="121" count="2" type="cond" truecount="1" falsecount="1"/>
        <line num="129" count="2" type="cond" truecount="2" falsecount="0"/>
        <line num="137" count="2" type="cond" truecount="1" falsecount="1"/>
        <line num="145" count="1" type="stmt"/>
        <line num="146" count="2" type="stmt"/>
      </file>
    </package>
    <package name="containers.GroundTwo">
      <metrics statements="5" coveredstatements="5" conditionals="0" coveredconditionals="0" methods="4" coveredmethods="4"/>
      <file name="GTLS.jsx" path="C:\Users\ngltr\Desktop\NGL\rdx\src\containers\GroundTwo\GTLS.jsx">
        <metrics statements="5" coveredstatements="5" conditionals="0" coveredconditionals="0" methods="4" coveredmethods="4"/>
        <line num="7" count="1" type="stmt"/>
        <line num="8" count="2" type="stmt"/>
        <line num="10" count="2" type="stmt"/>
        <line num="14" count="1" type="stmt"/>
        <line num="21" count="1" type="stmt"/>
      </file>
    </package>
    <package name="mocks">
      <metrics statements="1" coveredstatements="1" conditionals="0" coveredconditionals="0" methods="0" coveredmethods="0"/>
      <file name="ground.js" path="C:\Users\ngltr\Desktop\NGL\rdx\src\mocks\ground.js">
        <metrics statements="1" coveredstatements="1" conditionals="0" coveredconditionals="0" methods="0" coveredmethods="0"/>
        <line num="1" count="1" type="stmt"/>
      </file>
    </package>
    <package name="redux.constant">
      <metrics statements="7" coveredstatements="7" conditionals="0" coveredconditionals="0" methods="0" coveredmethods="0"/>
      <file name="ground.js" path="C:\Users\ngltr\Desktop\NGL\rdx\src\redux\constant\ground.js">
        <metrics statements="2" coveredstatements="2" conditionals="0" coveredconditionals="0" methods="0" coveredmethods="0"/>
        <line num="1" count="1" type="stmt"/>
        <line num="2" count="1" type="stmt"/>
      </file>
      <file name="groundTwo.js" path="C:\Users\ngltr\Desktop\NGL\rdx\src\redux\constant\groundTwo.js">
        <metrics statements="2" coveredstatements="2" conditionals="0" coveredconditionals="0" methods="0" coveredmethods="0"/>
        <line num="1" count="1" type="stmt"/>
        <line num="2" count="1" type="stmt"/>
      </file>
      <file name="page.js" path="C:\Users\ngltr\Desktop\NGL\rdx\src\redux\constant\page.js">
        <metrics statements="1" coveredstatements="1" conditionals="0" coveredconditionals="0" methods="0" coveredmethods="0"/>
        <line num="1" count="1" type="stmt"/>
      </file>
      <file name="query.js" path="C:\Users\ngltr\Desktop\NGL\rdx\src\redux\constant\query.js">
        <metrics statements="1" coveredstatements="1" conditionals="0" coveredconditionals="0" methods="0" coveredmethods="0"/>
        <line num="1" count="1" type="stmt"/>
      </file>
      <file name="signUp.js" path="C:\Users\ngltr\Desktop\NGL\rdx\src\redux\constant\signUp.js">
        <metrics statements="1" coveredstatements="1" conditionals="0" coveredconditionals="0" methods="0" coveredmethods="0"/>
        <line num="1" count="1" type="stmt"/>
      </file>
    </package>
    <package name="redux.reducer">
      <metrics statements="33" coveredstatements="28" conditionals="22" coveredconditionals="12" methods="10" coveredmethods="5"/>
      <file name="ground.js" path="C:\Users\ngltr\Desktop\NGL\rdx\src\redux\reducer\ground.js">
        <metrics statements="7" coveredstatements="5" conditionals="5" coveredconditionals="2" methods="2" coveredmethods="1"/>
        <line num="4" count="1" type="stmt"/>
        <line num="6" count="1" type="stmt"/>
        <line num="11" count="1" type="cond" truecount="1" falsecount="1"/>
        <line num="12" count="3" type="cond" truecount="1" falsecount="2"/>
        <line num="14" count="0" type="stmt"/>
        <line num="18" count="0" type="stmt"/>
        <line num="22" count="3" type="stmt"/>
      </file>
      <file name="groundTwo.js" path="C:\Users\ngltr\Desktop\NGL\rdx\src\redux\reducer\groundTwo.js">
        <metrics statements="7" coveredstatements="7" conditionals="5" coveredconditionals="4" methods="2" coveredmethods="1"/>
        <line num="3" count="1" type="stmt"/>
        <line num="5" count="1" type="stmt"/>
        <line num="9" count="1" type="cond" truecount="1" falsecount="1"/>
        <line num="10" count="5" type="cond" truecount="3" falsecount="0"/>
        <line num="12" count="1" type="stmt"/>
        <line num="17" count="1" type="stmt"/>
        <line num="22" count="3" type="stmt"/>
      </file>
      <file name="index.js" path="C:\Users\ngltr\Desktop\NGL\rdx\src\redux\reducer\index.js">
        <metrics statements="1" coveredstatements="1" conditionals="0" coveredconditionals="0" methods="0" coveredmethods="0"/>
        <line num="8" count="1" type="stmt"/>
      </file>
      <file name="page.js" path="C:\Users\ngltr\Desktop\NGL\rdx\src\redux\reducer\page.js">
        <metrics statements="6" coveredstatements="5" conditionals="4" coveredconditionals="2" methods="2" coveredmethods="1"/>
        <line num="4" count="1" type="stmt"/>
        <line num="6" count="1" type="stmt"/>
        <line num="10" count="1" type="cond" truecount="1" falsecount="1"/>
        <line num="11" count="3" type="cond" truecount="1" falsecount="1"/>
        <line num="13" count="0" type="stmt"/>
        <line num="17" count="3" type="stmt"/>
      </file>
      <file name="query.js" path="C:\Users\ngltr\Desktop\NGL\rdx\src\redux\reducer\query.js">
        <metrics statements="6" coveredstatements="5" conditionals="4" coveredconditionals="2" methods="2" coveredmethods="1"/>
        <line num="3" count="1" type="stmt"/>
        <line num="5" count="1" type="stmt"/>
        <line num="9" count="1" type="cond" truecount="1" falsecount="1"/>
        <line num="10" count="3" type="cond" truecount="1" falsecount="1"/>
        <line num="12" count="0" type="stmt"/>
        <line num="17" count="3" type="stmt"/>
      </file>
      <file name="signUp.js" path="C:\Users\ngltr\Desktop\NGL\rdx\src\redux\reducer\signUp.js">
        <metrics statements="6" coveredstatements="5" conditionals="4" coveredconditionals="2" methods="2" coveredmethods="1"/>
        <line num="3" count="1" type="stmt"/>
        <line num="5" count="1" type="stmt"/>
        <line num="9" count="1" type="cond" truecount="1" falsecount="1"/>
        <line num="10" count="3" type="cond" truecount="1" falsecount="1"/>
        <line num="12" count="0" type="stmt"/>
        <line num="16" count="3" type="stmt"/>
      </file>
    </package>
    <package name="redux.store">
      <metrics statements="1" coveredstatements="1" conditionals="0" coveredconditionals="0" methods="0" coveredmethods="0"/>
      <file name="index.js" path="C:\Users\ngltr\Desktop\NGL\rdx\src\redux\store\index.js">
        <metrics statements="1" coveredstatements="1" conditionals="0" coveredconditionals="0" methods="0" coveredmethods="0"/>
        <line num="6" count="1" type="stmt"/>
      </file>
    </package>
  </project>
</coverage>
