{"C:\\Users\\ngltr\\Desktop\\NGL\\rdx\\src\\containers\\Common\\Wrapper\\index.jsx": {"path":"C:\\Users\\ngltr\\Desktop\\NGL\\rdx\\src\\containers\\Common\\Wrapper\\index.jsx","statementMap":{"0":{"start":{"line":4,"column":22},"end":{"line":143,"column":1}},"1":{"start":{"line":12,"column":2},"end":{"line":27,"column":3}},"2":{"start":{"line":30,"column":2},"end":{"line":34,"column":3}},"3":{"start":{"line":37,"column":2},"end":{"line":45,"column":3}},"4":{"start":{"line":48,"column":2},"end":{"line":56,"column":3}},"5":{"start":{"line":59,"column":2},"end":{"line":66,"column":3}},"6":{"start":{"line":69,"column":2},"end":{"line":79,"column":3}},"7":{"start":{"line":82,"column":2},"end":{"line":88,"column":3}},"8":{"start":{"line":91,"column":2},"end":{"line":94,"column":3}},"9":{"start":{"line":97,"column":2},"end":{"line":100,"column":3}},"10":{"start":{"line":103,"column":2},"end":{"line":108,"column":3}},"11":{"start":{"line":111,"column":2},"end":{"line":118,"column":3}},"12":{"start":{"line":121,"column":2},"end":{"line":126,"column":3}},"13":{"start":{"line":129,"column":2},"end":{"line":134,"column":3}},"14":{"start":{"line":137,"column":2},"end":{"line":142,"column":3}},"15":{"start":{"line":145,"column":16},"end":{"line":147,"column":1}},"16":{"start":{"line":146,"column":1},"end":{"line":146,"column":53}}},"fnMap":{"0":{"name":"(anonymous_0)","decl":{"start":{"line":10,"column":3},"end":{"line":10,"column":4}},"loc":{"start":{"line":12,"column":2},"end":{"line":27,"column":3}},"line":12},"1":{"name":"(anonymous_1)","decl":{"start":{"line":29,"column":3},"end":{"line":29,"column":4}},"loc":{"start":{"line":30,"column":2},"end":{"line":34,"column":3}},"line":30},"2":{"name":"(anonymous_2)","decl":{"start":{"line":36,"column":3},"end":{"line":36,"column":4}},"loc":{"start":{"line":37,"column":2},"end":{"line":45,"column":3}},"line":37},"3":{"name":"(anonymous_3)","decl":{"start":{"line":47,"column":3},"end":{"line":47,"column":4}},"loc":{"start":{"line":48,"column":2},"end":{"line":56,"column":3}},"line":48},"4":{"name":"(anonymous_4)","decl":{"start":{"line":58,"column":3},"end":{"line":58,"column":4}},"loc":{"start":{"line":59,"column":2},"end":{"line":66,"column":3}},"line":59},"5":{"name":"(anonymous_5)","decl":{"start":{"line":68,"column":3},"end":{"line":68,"column":4}},"loc":{"start":{"line":69,"column":2},"end":{"line":79,"column":3}},"line":69},"6":{"name":"(anonymous_6)","decl":{"start":{"line":81,"column":3},"end":{"line":81,"column":4}},"loc":{"start":{"line":82,"column":2},"end":{"line":88,"column":3}},"line":82},"7":{"name":"(anonymous_7)","decl":{"start":{"line":90,"column":3},"end":{"line":90,"column":4}},"loc":{"start":{"line":91,"column":2},"end":{"line":94,"column":3}},"line":91},"8":{"name":"(anonymous_8)","decl":{"start":{"line":96,"column":3},"end":{"line":96,"column":4}},"loc":{"start":{"line":97,"column":2},"end":{"line":100,"column":3}},"line":97},"9":{"name":"(anonymous_9)","decl":{"start":{"line":102,"column":3},"end":{"line":102,"column":4}},"loc":{"start":{"line":103,"column":2},"end":{"line":108,"column":3}},"line":103},"10":{"name":"(anonymous_10)","decl":{"start":{"line":110,"column":3},"end":{"line":110,"column":4}},"loc":{"start":{"line":111,"column":2},"end":{"line":118,"column":3}},"line":111},"11":{"name":"(anonymous_11)","decl":{"start":{"line":120,"column":3},"end":{"line":120,"column":4}},"loc":{"start":{"line":121,"column":2},"end":{"line":126,"column":3}},"line":121},"12":{"name":"(anonymous_12)","decl":{"start":{"line":128,"column":3},"end":{"line":128,"column":4}},"loc":{"start":{"line":129,"column":2},"end":{"line":134,"column":3}},"line":129},"13":{"name":"(anonymous_13)","decl":{"start":{"line":136,"column":3},"end":{"line":136,"column":4}},"loc":{"start":{"line":137,"column":2},"end":{"line":142,"column":3}},"line":137},"14":{"name":"(anonymous_14)","decl":{"start":{"line":145,"column":16},"end":{"line":145,"column":17}},"loc":{"start":{"line":146,"column":1},"end":{"line":146,"column":53}},"line":146}},"branchMap":{"0":{"loc":{"start":{"line":12,"column":2},"end":{"line":27,"column":3}},"type":"binary-expr","locations":[{"start":{"line":12,"column":2},"end":{"line":12,"column":14}},{"start":{"line":13,"column":2},"end":{"line":27,"column":3}}],"line":12},"1":{"loc":{"start":{"line":30,"column":2},"end":{"line":34,"column":3}},"type":"binary-expr","locations":[{"start":{"line":30,"column":2},"end":{"line":30,"column":27}},{"start":{"line":31,"column":2},"end":{"line":34,"column":3}}],"line":30},"2":{"loc":{"start":{"line":37,"column":2},"end":{"line":45,"column":3}},"type":"binary-expr","locations":[{"start":{"line":37,"column":2},"end":{"line":37,"column":27}},{"start":{"line":38,"column":2},"end":{"line":45,"column":3}}],"line":37},"3":{"loc":{"start":{"line":48,"column":2},"end":{"line":56,"column":3}},"type":"binary-expr","locations":[{"start":{"line":48,"column":2},"end":{"line":48,"column":29}},{"start":{"line":49,"column":2},"end":{"line":56,"column":3}}],"line":48},"4":{"loc":{"start":{"line":59,"column":2},"end":{"line":66,"column":3}},"type":"binary-expr","locations":[{"start":{"line":59,"column":2},"end":{"line":59,"column":15}},{"start":{"line":60,"column":2},"end":{"line":66,"column":3}}],"line":59},"5":{"loc":{"start":{"line":69,"column":2},"end":{"line":79,"column":3}},"type":"binary-expr","locations":[{"start":{"line":69,"column":2},"end":{"line":69,"column":12}},{"start":{"line":70,"column":2},"end":{"line":79,"column":3}}],"line":69},"6":{"loc":{"start":{"line":82,"column":2},"end":{"line":88,"column":3}},"type":"binary-expr","locations":[{"start":{"line":82,"column":2},"end":{"line":82,"column":14}},{"start":{"line":83,"column":2},"end":{"line":88,"column":3}}],"line":82},"7":{"loc":{"start":{"line":91,"column":2},"end":{"line":94,"column":3}},"type":"binary-expr","locations":[{"start":{"line":91,"column":2},"end":{"line":91,"column":22}},{"start":{"line":92,"column":2},"end":{"line":94,"column":3}}],"line":91},"8":{"loc":{"start":{"line":97,"column":2},"end":{"line":100,"column":3}},"type":"binary-expr","locations":[{"start":{"line":97,"column":2},"end":{"line":97,"column":24}},{"start":{"line":98,"column":2},"end":{"line":100,"column":3}}],"line":97},"9":{"loc":{"start":{"line":103,"column":2},"end":{"line":108,"column":3}},"type":"binary-expr","locations":[{"start":{"line":103,"column":2},"end":{"line":103,"column":21}},{"start":{"line":104,"column":2},"end":{"line":108,"column":3}}],"line":103},"10":{"loc":{"start":{"line":111,"column":2},"end":{"line":118,"column":3}},"type":"binary-expr","locations":[{"start":{"line":111,"column":2},"end":{"line":111,"column":12}},{"start":{"line":112,"column":2},"end":{"line":118,"column":3}}],"line":111},"11":{"loc":{"start":{"line":121,"column":2},"end":{"line":126,"column":3}},"type":"binary-expr","locations":[{"start":{"line":121,"column":2},"end":{"line":121,"column":14}},{"start":{"line":122,"column":2},"end":{"line":126,"column":3}}],"line":121},"12":{"loc":{"start":{"line":129,"column":2},"end":{"line":134,"column":3}},"type":"binary-expr","locations":[{"start":{"line":129,"column":2},"end":{"line":129,"column":18}},{"start":{"line":130,"column":2},"end":{"line":134,"column":3}}],"line":129},"13":{"loc":{"start":{"line":137,"column":2},"end":{"line":142,"column":3}},"type":"binary-expr","locations":[{"start":{"line":137,"column":2},"end":{"line":137,"column":19}},{"start":{"line":138,"column":2},"end":{"line":142,"column":3}}],"line":137}},"s":{"0":1,"1":2,"2":2,"3":2,"4":2,"5":2,"6":2,"7":2,"8":2,"9":2,"10":2,"11":2,"12":2,"13":2,"14":2,"15":1,"16":2},"f":{"0":2,"1":2,"2":2,"3":2,"4":2,"5":2,"6":2,"7":2,"8":2,"9":2,"10":2,"11":2,"12":2,"13":2,"14":2},"b":{"0":[2,0],"1":[2,0],"2":[2,0],"3":[2,0],"4":[2,0],"5":[2,0],"6":[2,0],"7":[2,0],"8":[2,0],"9":[2,0],"10":[2,0],"11":[2,0],"12":[2,2],"13":[2,0]},"_coverageSchema":"1a1c01bbd47fc00a2c39e90264f33305004495a9","hash":"5352704f932becfe60b2d9c4b381a09055d4def9"}
,"C:\\Users\\ngltr\\Desktop\\NGL\\rdx\\src\\containers\\GroundTwo\\GTLS.jsx": {"path":"C:\\Users\\ngltr\\Desktop\\NGL\\rdx\\src\\containers\\GroundTwo\\GTLS.jsx","statementMap":{"0":{"start":{"line":7,"column":13},"end":{"line":30,"column":1}},"1":{"start":{"line":8,"column":24},"end":{"line":8,"column":74}},"2":{"start":{"line":8,"column":45},"end":{"line":8,"column":73}},"3":{"start":{"line":10,"column":1},"end":{"line":29,"column":3}},"4":{"start":{"line":14,"column":20},"end":{"line":14,"column":50}},"5":{"start":{"line":21,"column":20},"end":{"line":21,"column":50}}},"fnMap":{"0":{"name":"(anonymous_0)","decl":{"start":{"line":7,"column":13},"end":{"line":7,"column":14}},"loc":{"start":{"line":7,"column":37},"end":{"line":30,"column":1}},"line":7},"1":{"name":"(anonymous_1)","decl":{"start":{"line":8,"column":36},"end":{"line":8,"column":37}},"loc":{"start":{"line":8,"column":45},"end":{"line":8,"column":73}},"line":8},"2":{"name":"(anonymous_2)","decl":{"start":{"line":14,"column":14},"end":{"line":14,"column":15}},"loc":{"start":{"line":14,"column":20},"end":{"line":14,"column":50}},"line":14},"3":{"name":"(anonymous_3)","decl":{"start":{"line":21,"column":14},"end":{"line":21,"column":15}},"loc":{"start":{"line":21,"column":20},"end":{"line":21,"column":50}},"line":21}},"branchMap":{},"s":{"0":1,"1":2,"2":2,"3":2,"4":1,"5":1},"f":{"0":2,"1":2,"2":1,"3":1},"b":{},"_coverageSchema":"1a1c01bbd47fc00a2c39e90264f33305004495a9","hash":"075b181568cd02af89e8cd9b05835d74835318de"}
,"C:\\Users\\ngltr\\Desktop\\NGL\\rdx\\src\\mocks\\ground.js": {"path":"C:\\Users\\ngltr\\Desktop\\NGL\\rdx\\src\\mocks\\ground.js","statementMap":{"0":{"start":{"line":1,"column":35},"end":{"line":22,"column":1}}},"fnMap":{},"branchMap":{},"s":{"0":1},"f":{},"b":{},"_coverageSchema":"1a1c01bbd47fc00a2c39e90264f33305004495a9","hash":"8d46935fbe90154580b1b6f213766ea2143a76bf"}
,"C:\\Users\\ngltr\\Desktop\\NGL\\rdx\\src\\redux\\constant\\ground.js": {"path":"C:\\Users\\ngltr\\Desktop\\NGL\\rdx\\src\\redux\\constant\\ground.js","statementMap":{"0":{"start":{"line":1,"column":28},"end":{"line":1,"column":49}},"1":{"start":{"line":2,"column":23},"end":{"line":2,"column":39}}},"fnMap":{},"branchMap":{},"s":{"0":1,"1":1},"f":{},"b":{},"_coverageSchema":"1a1c01bbd47fc00a2c39e90264f33305004495a9","hash":"7b03a486235fa5cd3e546491618eb08a4f3092c4"}
,"C:\\Users\\ngltr\\Desktop\\NGL\\rdx\\src\\redux\\constant\\groundTwo.js": {"path":"C:\\Users\\ngltr\\Desktop\\NGL\\rdx\\src\\redux\\constant\\groundTwo.js","statementMap":{"0":{"start":{"line":1,"column":30},"end":{"line":1,"column":56}},"1":{"start":{"line":2,"column":30},"end":{"line":2,"column":56}}},"fnMap":{},"branchMap":{},"s":{"0":1,"1":1},"f":{},"b":{},"_coverageSchema":"1a1c01bbd47fc00a2c39e90264f33305004495a9","hash":"e5cfd83210200f6ed5428b425b108b5b86fdd38a"}
,"C:\\Users\\ngltr\\Desktop\\NGL\\rdx\\src\\redux\\constant\\page.js": {"path":"C:\\Users\\ngltr\\Desktop\\NGL\\rdx\\src\\redux\\constant\\page.js","statementMap":{"0":{"start":{"line":1,"column":25},"end":{"line":1,"column":41}}},"fnMap":{},"branchMap":{},"s":{"0":1},"f":{},"b":{},"_coverageSchema":"1a1c01bbd47fc00a2c39e90264f33305004495a9","hash":"6683edc3d7f58812e6c3f18cdf5b0d007197b997"}
,"C:\\Users\\ngltr\\Desktop\\NGL\\rdx\\src\\redux\\constant\\query.js": {"path":"C:\\Users\\ngltr\\Desktop\\NGL\\rdx\\src\\redux\\constant\\query.js","statementMap":{"0":{"start":{"line":1,"column":32},"end":{"line":1,"column":56}}},"fnMap":{},"branchMap":{},"s":{"0":1},"f":{},"b":{},"_coverageSchema":"1a1c01bbd47fc00a2c39e90264f33305004495a9","hash":"da2b7275da7befd42bf6112bd071acee4a7decd6"}
,"C:\\Users\\ngltr\\Desktop\\NGL\\rdx\\src\\redux\\constant\\signUp.js": {"path":"C:\\Users\\ngltr\\Desktop\\NGL\\rdx\\src\\redux\\constant\\signUp.js","statementMap":{"0":{"start":{"line":1,"column":31},"end":{"line":1,"column":55}}},"fnMap":{},"branchMap":{},"s":{"0":1},"f":{},"b":{},"_coverageSchema":"1a1c01bbd47fc00a2c39e90264f33305004495a9","hash":"6f0ce969eaf891cf593df2dbb2665b5954a9c938"}
,"C:\\Users\\ngltr\\Desktop\\NGL\\rdx\\src\\redux\\reducer\\ground.js": {"path":"C:\\Users\\ngltr\\Desktop\\NGL\\rdx\\src\\redux\\reducer\\ground.js","statementMap":{"0":{"start":{"line":4,"column":27},"end":{"line":4,"column":63}},"1":{"start":{"line":4,"column":47},"end":{"line":4,"column":62}},"2":{"start":{"line":6,"column":21},"end":{"line":9,"column":1}},"3":{"start":{"line":11,"column":22},"end":{"line":24,"column":1}},"4":{"start":{"line":12,"column":4},"end":{"line":23,"column":5}},"5":{"start":{"line":14,"column":12},"end":{"line":16,"column":13}},"6":{"start":{"line":18,"column":12},"end":{"line":20,"column":13}},"7":{"start":{"line":22,"column":12},"end":{"line":22,"column":25}}},"fnMap":{"0":{"name":"(anonymous_0)","decl":{"start":{"line":4,"column":27},"end":{"line":4,"column":28}},"loc":{"start":{"line":4,"column":47},"end":{"line":4,"column":62}},"line":4},"1":{"name":"(anonymous_1)","decl":{"start":{"line":11,"column":22},"end":{"line":11,"column":23}},"loc":{"start":{"line":11,"column":68},"end":{"line":24,"column":1}},"line":11}},"branchMap":{"0":{"loc":{"start":{"line":11,"column":23},"end":{"line":11,"column":43}},"type":"default-arg","locations":[{"start":{"line":11,"column":31},"end":{"line":11,"column":43}}],"line":11},"1":{"loc":{"start":{"line":11,"column":45},"end":{"line":11,"column":63}},"type":"default-arg","locations":[{"start":{"line":11,"column":54},"end":{"line":11,"column":63}}],"line":11},"2":{"loc":{"start":{"line":12,"column":4},"end":{"line":23,"column":5}},"type":"switch","locations":[{"start":{"line":13,"column":8},"end":{"line":16,"column":13}},{"start":{"line":17,"column":8},"end":{"line":20,"column":13}},{"start":{"line":21,"column":8},"end":{"line":22,"column":25}}],"line":12}},"s":{"0":1,"1":0,"2":1,"3":1,"4":3,"5":0,"6":0,"7":3},"f":{"0":0,"1":3},"b":{"0":[3],"1":[0],"2":[0,0,3]},"_coverageSchema":"1a1c01bbd47fc00a2c39e90264f33305004495a9","hash":"6e2bf5db863ba243c35b7891b2ee844595b32055"}
,"C:\\Users\\ngltr\\Desktop\\NGL\\rdx\\src\\redux\\reducer\\groundTwo.js": {"path":"C:\\Users\\ngltr\\Desktop\\NGL\\rdx\\src\\redux\\reducer\\groundTwo.js","statementMap":{"0":{"start":{"line":3,"column":24},"end":{"line":3,"column":42}},"1":{"start":{"line":3,"column":33},"end":{"line":3,"column":41}},"2":{"start":{"line":5,"column":21},"end":{"line":7,"column":1}},"3":{"start":{"line":9,"column":25},"end":{"line":24,"column":1}},"4":{"start":{"line":10,"column":1},"end":{"line":23,"column":2}},"5":{"start":{"line":12,"column":3},"end":{"line":15,"column":5}},"6":{"start":{"line":17,"column":3},"end":{"line":20,"column":5}},"7":{"start":{"line":22,"column":3},"end":{"line":22,"column":16}}},"fnMap":{"0":{"name":"(anonymous_0)","decl":{"start":{"line":3,"column":24},"end":{"line":3,"column":25}},"loc":{"start":{"line":3,"column":33},"end":{"line":3,"column":41}},"line":3},"1":{"name":"(anonymous_1)","decl":{"start":{"line":9,"column":25},"end":{"line":9,"column":26}},"loc":{"start":{"line":9,"column":71},"end":{"line":24,"column":1}},"line":9}},"branchMap":{"0":{"loc":{"start":{"line":9,"column":26},"end":{"line":9,"column":46}},"type":"default-arg","locations":[{"start":{"line":9,"column":34},"end":{"line":9,"column":46}}],"line":9},"1":{"loc":{"start":{"line":9,"column":48},"end":{"line":9,"column":66}},"type":"default-arg","locations":[{"start":{"line":9,"column":57},"end":{"line":9,"column":66}}],"line":9},"2":{"loc":{"start":{"line":10,"column":1},"end":{"line":23,"column":2}},"type":"switch","locations":[{"start":{"line":11,"column":2},"end":{"line":15,"column":5}},{"start":{"line":16,"column":2},"end":{"line":20,"column":5}},{"start":{"line":21,"column":2},"end":{"line":22,"column":16}}],"line":10}},"s":{"0":1,"1":0,"2":1,"3":1,"4":5,"5":1,"6":1,"7":3},"f":{"0":0,"1":5},"b":{"0":[3],"1":[0],"2":[1,1,3]},"_coverageSchema":"1a1c01bbd47fc00a2c39e90264f33305004495a9","hash":"133dd20b22e5a4026e3ec3014437e4f306839111"}
,"C:\\Users\\ngltr\\Desktop\\NGL\\rdx\\src\\redux\\reducer\\index.js": {"path":"C:\\Users\\ngltr\\Desktop\\NGL\\rdx\\src\\redux\\reducer\\index.js","statementMap":{"0":{"start":{"line":8,"column":20},"end":{"line":14,"column":2}}},"fnMap":{},"branchMap":{},"s":{"0":1},"f":{},"b":{},"_coverageSchema":"1a1c01bbd47fc00a2c39e90264f33305004495a9","hash":"ca259478a285833beb15bf25254c798173720464"}
,"C:\\Users\\ngltr\\Desktop\\NGL\\rdx\\src\\redux\\reducer\\page.js": {"path":"C:\\Users\\ngltr\\Desktop\\NGL\\rdx\\src\\redux\\reducer\\page.js","statementMap":{"0":{"start":{"line":4,"column":24},"end":{"line":4,"column":57}},"1":{"start":{"line":4,"column":33},"end":{"line":4,"column":56}},"2":{"start":{"line":6,"column":21},"end":{"line":8,"column":1}},"3":{"start":{"line":10,"column":20},"end":{"line":19,"column":1}},"4":{"start":{"line":11,"column":4},"end":{"line":18,"column":5}},"5":{"start":{"line":13,"column":12},"end":{"line":15,"column":14}},"6":{"start":{"line":17,"column":12},"end":{"line":17,"column":25}}},"fnMap":{"0":{"name":"(anonymous_0)","decl":{"start":{"line":4,"column":24},"end":{"line":4,"column":25}},"loc":{"start":{"line":4,"column":33},"end":{"line":4,"column":56}},"line":4},"1":{"name":"(anonymous_1)","decl":{"start":{"line":10,"column":20},"end":{"line":10,"column":21}},"loc":{"start":{"line":10,"column":66},"end":{"line":19,"column":1}},"line":10}},"branchMap":{"0":{"loc":{"start":{"line":10,"column":21},"end":{"line":10,"column":41}},"type":"default-arg","locations":[{"start":{"line":10,"column":29},"end":{"line":10,"column":41}}],"line":10},"1":{"loc":{"start":{"line":10,"column":43},"end":{"line":10,"column":61}},"type":"default-arg","locations":[{"start":{"line":10,"column":52},"end":{"line":10,"column":61}}],"line":10},"2":{"loc":{"start":{"line":11,"column":4},"end":{"line":18,"column":5}},"type":"switch","locations":[{"start":{"line":12,"column":8},"end":{"line":15,"column":14}},{"start":{"line":16,"column":8},"end":{"line":17,"column":25}}],"line":11}},"s":{"0":1,"1":0,"2":1,"3":1,"4":3,"5":0,"6":3},"f":{"0":0,"1":3},"b":{"0":[3],"1":[0],"2":[0,3]},"_coverageSchema":"1a1c01bbd47fc00a2c39e90264f33305004495a9","hash":"f6266ba14b6f0f985c248241ce4bd40f2a8a9027"}
,"C:\\Users\\ngltr\\Desktop\\NGL\\rdx\\src\\redux\\reducer\\query.js": {"path":"C:\\Users\\ngltr\\Desktop\\NGL\\rdx\\src\\redux\\reducer\\query.js","statementMap":{"0":{"start":{"line":3,"column":30},"end":{"line":3,"column":78}},"1":{"start":{"line":3,"column":42},"end":{"line":3,"column":77}},"2":{"start":{"line":5,"column":21},"end":{"line":7,"column":1}},"3":{"start":{"line":9,"column":21},"end":{"line":19,"column":1}},"4":{"start":{"line":10,"column":1},"end":{"line":18,"column":2}},"5":{"start":{"line":12,"column":3},"end":{"line":15,"column":5}},"6":{"start":{"line":17,"column":3},"end":{"line":17,"column":16}}},"fnMap":{"0":{"name":"(anonymous_0)","decl":{"start":{"line":3,"column":30},"end":{"line":3,"column":31}},"loc":{"start":{"line":3,"column":42},"end":{"line":3,"column":77}},"line":3},"1":{"name":"(anonymous_1)","decl":{"start":{"line":9,"column":21},"end":{"line":9,"column":22}},"loc":{"start":{"line":9,"column":67},"end":{"line":19,"column":1}},"line":9}},"branchMap":{"0":{"loc":{"start":{"line":9,"column":22},"end":{"line":9,"column":42}},"type":"default-arg","locations":[{"start":{"line":9,"column":30},"end":{"line":9,"column":42}}],"line":9},"1":{"loc":{"start":{"line":9,"column":44},"end":{"line":9,"column":62}},"type":"default-arg","locations":[{"start":{"line":9,"column":53},"end":{"line":9,"column":62}}],"line":9},"2":{"loc":{"start":{"line":10,"column":1},"end":{"line":18,"column":2}},"type":"switch","locations":[{"start":{"line":11,"column":2},"end":{"line":15,"column":5}},{"start":{"line":16,"column":2},"end":{"line":17,"column":16}}],"line":10}},"s":{"0":1,"1":0,"2":1,"3":1,"4":3,"5":0,"6":3},"f":{"0":0,"1":3},"b":{"0":[3],"1":[0],"2":[0,3]},"_coverageSchema":"1a1c01bbd47fc00a2c39e90264f33305004495a9","hash":"f8f3b52129d9eb5ebd8489d883212617d929c176"}
,"C:\\Users\\ngltr\\Desktop\\NGL\\rdx\\src\\redux\\reducer\\signUp.js": {"path":"C:\\Users\\ngltr\\Desktop\\NGL\\rdx\\src\\redux\\reducer\\signUp.js","statementMap":{"0":{"start":{"line":3,"column":30},"end":{"line":3,"column":77}},"1":{"start":{"line":3,"column":43},"end":{"line":3,"column":76}},"2":{"start":{"line":5,"column":21},"end":{"line":7,"column":1}},"3":{"start":{"line":9,"column":22},"end":{"line":18,"column":1}},"4":{"start":{"line":10,"column":4},"end":{"line":17,"column":5}},"5":{"start":{"line":12,"column":12},"end":{"line":14,"column":13}},"6":{"start":{"line":16,"column":12},"end":{"line":16,"column":25}}},"fnMap":{"0":{"name":"(anonymous_0)","decl":{"start":{"line":3,"column":30},"end":{"line":3,"column":31}},"loc":{"start":{"line":3,"column":43},"end":{"line":3,"column":76}},"line":3},"1":{"name":"(anonymous_1)","decl":{"start":{"line":9,"column":22},"end":{"line":9,"column":23}},"loc":{"start":{"line":9,"column":68},"end":{"line":18,"column":1}},"line":9}},"branchMap":{"0":{"loc":{"start":{"line":9,"column":23},"end":{"line":9,"column":43}},"type":"default-arg","locations":[{"start":{"line":9,"column":31},"end":{"line":9,"column":43}}],"line":9},"1":{"loc":{"start":{"line":9,"column":45},"end":{"line":9,"column":63}},"type":"default-arg","locations":[{"start":{"line":9,"column":54},"end":{"line":9,"column":63}}],"line":9},"2":{"loc":{"start":{"line":10,"column":4},"end":{"line":17,"column":5}},"type":"switch","locations":[{"start":{"line":11,"column":8},"end":{"line":14,"column":13}},{"start":{"line":15,"column":8},"end":{"line":16,"column":25}}],"line":10}},"s":{"0":1,"1":0,"2":1,"3":1,"4":3,"5":0,"6":3},"f":{"0":0,"1":3},"b":{"0":[3],"1":[0],"2":[0,3]},"_coverageSchema":"1a1c01bbd47fc00a2c39e90264f33305004495a9","hash":"8e71bc2517cb1a06616fb280f6f5ccc9b1f41b13"}
,"C:\\Users\\ngltr\\Desktop\\NGL\\rdx\\src\\redux\\store\\index.js": {"path":"C:\\Users\\ngltr\\Desktop\\NGL\\rdx\\src\\redux\\store\\index.js","statementMap":{"0":{"start":{"line":6,"column":14},"end":{"line":6,"column":84}}},"fnMap":{},"branchMap":{},"s":{"0":1},"f":{},"b":{},"_coverageSchema":"1a1c01bbd47fc00a2c39e90264f33305004495a9","hash":"45eac56c8b8fe88055c9df65a544639c277fe008"}
}
