TN:
SF:src\containers\Common\Wrapper\index.jsx
FN:10,(anonymous_0)
FN:29,(anonymous_1)
FN:36,(anonymous_2)
FN:47,(anonymous_3)
FN:58,(anonymous_4)
FN:68,(anonymous_5)
FN:81,(anonymous_6)
FN:90,(anonymous_7)
FN:96,(anonymous_8)
FN:102,(anonymous_9)
FN:110,(anonymous_10)
FN:120,(anonymous_11)
FN:128,(anonymous_12)
FN:136,(anonymous_13)
FN:145,(anonymous_14)
FNF:15
FNH:15
FNDA:2,(anonymous_0)
FNDA:2,(anonymous_1)
FNDA:2,(anonymous_2)
FNDA:2,(anonymous_3)
FNDA:2,(anonymous_4)
FNDA:2,(anonymous_5)
FNDA:2,(anonymous_6)
FNDA:2,(anonymous_7)
FNDA:2,(anonymous_8)
FNDA:2,(anonymous_9)
FNDA:2,(anonymous_10)
FNDA:2,(anonymous_11)
FNDA:2,(anonymous_12)
FNDA:2,(anonymous_13)
FNDA:2,(anonymous_14)
DA:4,1
DA:12,2
DA:30,2
DA:37,2
DA:48,2
DA:59,2
DA:69,2
DA:82,2
DA:91,2
DA:97,2
DA:103,2
DA:111,2
DA:121,2
DA:129,2
DA:137,2
DA:145,1
DA:146,2
LF:17
LH:17
BRDA:12,0,0,2
BRDA:12,0,1,0
BRDA:30,1,0,2
BRDA:30,1,1,0
BRDA:37,2,0,2
BRDA:37,2,1,0
BRDA:48,3,0,2
BRDA:48,3,1,0
BRDA:59,4,0,2
BRDA:59,4,1,0
BRDA:69,5,0,2
BRDA:69,5,1,0
BRDA:82,6,0,2
BRDA:82,6,1,0
BRDA:91,7,0,2
BRDA:91,7,1,0
BRDA:97,8,0,2
BRDA:97,8,1,0
BRDA:103,9,0,2
BRDA:103,9,1,0
BRDA:111,10,0,2
BRDA:111,10,1,0
BRDA:121,11,0,2
BRDA:121,11,1,0
BRDA:129,12,0,2
BRDA:129,12,1,2
BRDA:137,13,0,2
BRDA:137,13,1,0
BRF:28
BRH:15
end_of_record
TN:
SF:src\containers\GroundTwo\GTLS.jsx
FN:7,(anonymous_0)
FN:8,(anonymous_1)
FN:14,(anonymous_2)
FN:21,(anonymous_3)
FNF:4
FNH:4
FNDA:2,(anonymous_0)
FNDA:2,(anonymous_1)
FNDA:1,(anonymous_2)
FNDA:1,(anonymous_3)
DA:7,1
DA:8,2
DA:10,2
DA:14,1
DA:21,1
LF:5
LH:5
BRF:0
BRH:0
end_of_record
TN:
SF:src\mocks\ground.js
FNF:0
FNH:0
DA:1,1
LF:1
LH:1
BRF:0
BRH:0
end_of_record
TN:
SF:src\redux\constant\ground.js
FNF:0
FNH:0
DA:1,1
DA:2,1
LF:2
LH:2
BRF:0
BRH:0
end_of_record
TN:
SF:src\redux\constant\groundTwo.js
FNF:0
FNH:0
DA:1,1
DA:2,1
LF:2
LH:2
BRF:0
BRH:0
end_of_record
TN:
SF:src\redux\constant\page.js
FNF:0
FNH:0
DA:1,1
LF:1
LH:1
BRF:0
BRH:0
end_of_record
TN:
SF:src\redux\constant\query.js
FNF:0
FNH:0
DA:1,1
LF:1
LH:1
BRF:0
BRH:0
end_of_record
TN:
SF:src\redux\constant\signUp.js
FNF:0
FNH:0
DA:1,1
LF:1
LH:1
BRF:0
BRH:0
end_of_record
TN:
SF:src\redux\reducer\ground.js
FN:4,(anonymous_0)
FN:11,(anonymous_1)
FNF:2
FNH:1
FNDA:0,(anonymous_0)
FNDA:3,(anonymous_1)
DA:4,1
DA:6,1
DA:11,1
DA:12,3
DA:14,0
DA:18,0
DA:22,3
LF:7
LH:5
BRDA:11,0,0,3
BRDA:11,1,0,0
BRDA:12,2,0,0
BRDA:12,2,1,0
BRDA:12,2,2,3
BRF:5
BRH:2
end_of_record
TN:
SF:src\redux\reducer\groundTwo.js
FN:3,(anonymous_0)
FN:9,(anonymous_1)
FNF:2
FNH:1
FNDA:0,(anonymous_0)
FNDA:5,(anonymous_1)
DA:3,1
DA:5,1
DA:9,1
DA:10,5
DA:12,1
DA:17,1
DA:22,3
LF:7
LH:7
BRDA:9,0,0,3
BRDA:9,1,0,0
BRDA:10,2,0,1
BRDA:10,2,1,1
BRDA:10,2,2,3
BRF:5
BRH:4
end_of_record
TN:
SF:src\redux\reducer\index.js
FNF:0
FNH:0
DA:8,1
LF:1
LH:1
BRF:0
BRH:0
end_of_record
TN:
SF:src\redux\reducer\page.js
FN:4,(anonymous_0)
FN:10,(anonymous_1)
FNF:2
FNH:1
FNDA:0,(anonymous_0)
FNDA:3,(anonymous_1)
DA:4,1
DA:6,1
DA:10,1
DA:11,3
DA:13,0
DA:17,3
LF:6
LH:5
BRDA:10,0,0,3
BRDA:10,1,0,0
BRDA:11,2,0,0
BRDA:11,2,1,3
BRF:4
BRH:2
end_of_record
TN:
SF:src\redux\reducer\query.js
FN:3,(anonymous_0)
FN:9,(anonymous_1)
FNF:2
FNH:1
FNDA:0,(anonymous_0)
FNDA:3,(anonymous_1)
DA:3,1
DA:5,1
DA:9,1
DA:10,3
DA:12,0
DA:17,3
LF:6
LH:5
BRDA:9,0,0,3
BRDA:9,1,0,0
BRDA:10,2,0,0
BRDA:10,2,1,3
BRF:4
BRH:2
end_of_record
TN:
SF:src\redux\reducer\signUp.js
FN:3,(anonymous_0)
FN:9,(anonymous_1)
FNF:2
FNH:1
FNDA:0,(anonymous_0)
FNDA:3,(anonymous_1)
DA:3,1
DA:5,1
DA:9,1
DA:10,3
DA:12,0
DA:16,3
LF:6
LH:5
BRDA:9,0,0,3
BRDA:9,1,0,0
BRDA:10,2,0,0
BRDA:10,2,1,3
BRF:4
BRH:2
end_of_record
TN:
SF:src\redux\store\index.js
FNF:0
FNH:0
DA:6,1
LF:1
LH:1
BRF:0
BRH:0
end_of_record
